<?xml version="1.0" encoding="UTF-8"?>
<!-- Generated by org.testng.reporters.JUnitReportReporter -->
<testsuite hostname="LT290" failures="0" tests="1" name="com.test.TestCases.TC2_TOCHospitalization" time="48.073" errors="0" timestamp="2022-03-10T12:44:34 IST" skipped="0">
  <testcase classname="com.test.TestCases.TC2_TOCHospitalization" name="TOCTest" time="48.073"/>
  <system-out/>
</testsuite> <!-- com.test.TestCases.TC2_TOCHospitalization -->
